<?xml version="1.0" encoding="UTF-8"?>
<!-- Generated by org.testng.reporters.JUnitXMLReporter -->
<testsuite hostname="Rakshithas-MacBook-Air.local" ignored="0" name="Test" tests="4" failures="0" timestamp="2022-08-19T14:32:34 IST" time="68.364" errors="0">
  <testcase name="t4" time="54.831" classname="folder2.C4"/>
  <testcase name="t1" time="61.662" classname="folder1.C1"/>
  <testcase name="t3" time="61.902" classname="folder2.C3"/>
  <testcase name="t2" time="68.197" classname="folder1.C2"/>
</testsuite> <!-- Test -->
