<?xml version="1.0" encoding="UTF-8"?>
<testng-results skipped="0" failed="0" ignored="0" total="1" passed="1">
  <reporter-output>
  </reporter-output>
  <suite name="Default suite" duration-ms="26177" started-at="2022-08-19T18:59:33 IST" finished-at="2022-08-19T19:00:00 IST">
    <groups>
    </groups>
    <test name="Default test" duration-ms="26177" started-at="2022-08-19T18:59:33 IST" finished-at="2022-08-19T19:00:00 IST">
      <class name="mavenproject.Screenshot2">
        <test-method status="PASS" signature="photo()[pri:0, instance:mavenproject.Screenshot2@74650e52]" name="photo" duration-ms="26030" started-at="2022-08-19T18:59:34 IST" finished-at="2022-08-19T19:00:00 IST">
          <reporter-output>
          </reporter-output>
        </test-method> <!-- photo -->
      </class> <!-- mavenproject.Screenshot2 -->
    </test> <!-- Default test -->
  </suite> <!-- Default suite -->
</testng-results>
