<?xml version="1.0" encoding="UTF-8"?>
<testng-results skipped="0" failed="0" ignored="0" total="1" passed="1">
  <reporter-output>
  </reporter-output>
  <suite name="Default suite" duration-ms="34801" started-at="2022-08-22T20:55:36 IST" finished-at="2022-08-22T20:56:10 IST">
    <groups>
    </groups>
    <test name="Default test" duration-ms="34801" started-at="2022-08-22T20:55:36 IST" finished-at="2022-08-22T20:56:10 IST">
      <class name="extent_report.Try">
        <test-method status="PASS" signature="startTest()[pri:0, instance:extent_report.Try@6b57696f]" name="startTest" is-config="true" duration-ms="5794" started-at="2022-08-22T20:55:36 IST" finished-at="2022-08-22T20:55:42 IST">
          <reporter-output>
          </reporter-output>
        </test-method> <!-- startTest -->
        <test-method status="PASS" signature="extentReportsDemo()[pri:0, instance:extent_report.Try@6b57696f]" name="extentReportsDemo" duration-ms="25298" started-at="2022-08-22T20:55:42 IST" finished-at="2022-08-22T20:56:07 IST">
          <reporter-output>
          </reporter-output>
        </test-method> <!-- extentReportsDemo -->
        <test-method status="PASS" signature="endTest()[pri:0, instance:extent_report.Try@6b57696f]" name="endTest" is-config="true" duration-ms="3451" started-at="2022-08-22T20:56:07 IST" finished-at="2022-08-22T20:56:10 IST">
          <reporter-output>
          </reporter-output>
        </test-method> <!-- endTest -->
      </class> <!-- extent_report.Try -->
    </test> <!-- Default test -->
  </suite> <!-- Default suite -->
</testng-results>
