<?xml version="1.0" encoding="UTF-8"?>
<testng-results skipped="0" failed="0" ignored="0" total="1" passed="1">
  <reporter-output>
  </reporter-output>
  <suite name="Suite" duration-ms="23625" started-at="2022-08-19T18:31:59 IST" finished-at="2022-08-19T18:32:23 IST">
    <groups>
      <group name="two">
        <method signature="Assignpar.login(java.lang.String)[pri:0, instance:basic.Assignpar@4b1c1ea0]" name="login" class="basic.Assignpar"/>
      </group> <!-- two -->
    </groups>
    <test name="Test" duration-ms="23625" started-at="2022-08-19T18:31:59 IST" finished-at="2022-08-19T18:32:23 IST">
      <class name="basic.Assignpar">
        <test-method status="PASS" signature="login(java.lang.String)[pri:0, instance:basic.Assignpar@4b1c1ea0]" name="login" duration-ms="23503" started-at="2022-08-19T18:31:59 IST" finished-at="2022-08-19T18:32:23 IST">
          <params>
            <param index="0">
              <value>
                <![CDATA[Books]]>
              </value>
            </param>
          </params>
          <reporter-output>
          </reporter-output>
        </test-method> <!-- login -->
      </class> <!-- basic.Assignpar -->
    </test> <!-- Test -->
  </suite> <!-- Suite -->
</testng-results>
